<?xml version="1.0" encoding="UTF-8" ?>
<testsuite tests="6" failures="0" name="sp.RunnerTest" time="0.016" errors="2" skipped="1">
  <properties>
    <property name="java.runtime.name" value="Java(TM) SE Runtime Environment"/>
    <property name="java.vm.version" value="10.0.2+13"/>
    <property name="sun.boot.library.path" value="/Library/Java/JavaVirtualMachines/jdk-10.0.2.jdk/Contents/Home/lib"/>
    <property name="gopherProxySet" value="false"/>
    <property name="maven.multiModuleProjectDirectory" value="/Users/juanhernandez/Desktop/sikuliX_ipvanish/ipvanish"/>
    <property name="java.vm.vendor" value="&quot;Oracle Corporation&quot;"/>
    <property name="java.vendor.url" value="http://java.oracle.com/"/>
    <property name="guice.disable.misplaced.annotation.check" value="true"/>
    <property name="path.separator" value=":"/>
    <property name="java.vm.name" value="Java HotSpot(TM) 64-Bit Server VM"/>
    <property name="file.encoding.pkg" value="sun.io"/>
    <property name="sun.os.patch.level" value="unknown"/>
    <property name="user.country" value="MX"/>
    <property name="sun.java.launcher" value="SUN_STANDARD"/>
    <property name="java.vm.specification.name" value="Java Virtual Machine Specification"/>
    <property name="user.dir" value="/Users/juanhernandez/Desktop/sikuliX_ipvanish/ipvanish"/>
    <property name="java.vm.compressedOopsMode" value="Zero based"/>
    <property name="java.runtime.version" value="10.0.2+13"/>
    <property name="java.awt.graphicsenv" value="sun.awt.CGraphicsEnvironment"/>
    <property name="os.arch" value="x86_64"/>
    <property name="java.io.tmpdir" value="/var/folders/x1/2k_5c0g54hdclvl1ztljptxr0000gn/T/"/>
    <property name="line.separator" value="
"/>
    <property name="java.vm.specification.vendor" value="Oracle Corporation"/>
    <property name="os.name" value="Mac OS X"/>
    <property name="classworlds.conf" value="/usr/local/Cellar/maven/3.5.4/libexec/bin/m2.conf"/>
    <property name="sun.jnu.encoding" value="UTF-8"/>
    <property name="java.library.path" value="/Users/juanhernandez/Library/Java/Extensions:/Library/Java/Extensions:/Network/Library/Java/Extensions:/System/Library/Java/Extensions:/usr/lib/java:."/>
    <property name="maven.conf" value="/usr/local/Cellar/maven/3.5.4/libexec/conf"/>
    <property name="jdk.debug" value="release"/>
    <property name="java.class.version" value="54.0"/>
    <property name="java.specification.name" value="Java Platform API Specification"/>
    <property name="sun.management.compiler" value="HotSpot 64-Bit Tiered Compilers"/>
    <property name="os.version" value="10.14"/>
    <property name="library.jansi.path" value="/usr/local/Cellar/maven/3.5.4/libexec/lib/jansi-native"/>
    <property name="http.nonProxyHosts" value="local|*.local|169.254/16|*.169.254/16"/>
    <property name="user.home" value="/Users/juanhernandez"/>
    <property name="user.timezone" value="America/Mexico_City"/>
    <property name="java.awt.printerjob" value="sun.lwawt.macosx.CPrinterJob"/>
    <property name="file.encoding" value="UTF-8"/>
    <property name="java.specification.version" value="10"/>
    <property name="user.name" value="juanhernandez"/>
    <property name="java.class.path" value="/usr/local/Cellar/maven/3.5.4/libexec/boot/plexus-classworlds-2.5.2.jar"/>
    <property name="java.vm.specification.version" value="10"/>
    <property name="sun.arch.data.model" value="64"/>
    <property name="sun.java.command" value="org.codehaus.plexus.classworlds.launcher.Launcher test"/>
    <property name="java.home" value="/Library/Java/JavaVirtualMachines/jdk-10.0.2.jdk/Contents/Home"/>
    <property name="user.language" value="en"/>
    <property name="java.specification.vendor" value="Oracle Corporation"/>
    <property name="awt.toolkit" value="sun.lwawt.macosx.LWCToolkit"/>
    <property name="java.vm.info" value="mixed mode"/>
    <property name="java.version" value="10.0.2"/>
    <property name="java.vendor" value="Oracle Corporation"/>
    <property name="maven.home" value="/usr/local/Cellar/maven/3.5.4/libexec"/>
    <property name="file.separator" value="/"/>
    <property name="java.version.date" value="2018-07-17"/>
    <property name="java.vendor.url.bug" value="http://bugreport.java.com/bugreport/"/>
    <property name="sun.io.unicode.encoding" value="UnicodeBig"/>
    <property name="sun.cpu.endian" value="little"/>
    <property name="java.vendor.version" value="18.3"/>
    <property name="socksNonProxyHosts" value="local|*.local|169.254/16|*.169.254/16"/>
    <property name="ftp.nonProxyHosts" value="local|*.local|169.254/16|*.169.254/16"/>
    <property name="sun.cpu.isalist" value=""/>
  </properties>
  <testcase classname="| ikev2 |" name="Given IPVanish is accessible" time="0.002"/>
  <testcase classname="| ikev2 |" name="And I am logged" time="0"/>
  <testcase classname="| ikev2 |" name="When I select &quot;ikev2&quot;" time="0"/>
  <testcase classname="| ikev2 |" name="And attempt connection" time="0.004">
    <error message="src/test/resources/images/allow.png: (83x26) seen at (835, 332) with 0.97 in S(0)[0,0 1440x900] E:Y, T:3.0" type="FindFailed">FindFailed: src/test/resources/images/allow.png: (83x26) seen at (835, 332) with 0.97 in S(0)[0,0 1440x900] E:Y, T:3.0
  Line 2761, in file Region.java

	at org.sikuli.script.Region.wait(Region.java:2761)
	at org.sikuli.script.Region.find(Region.java:2326)
	at org.sikuli.script.Region.getLocationFromTarget(Region.java:3220)
	at org.sikuli.script.Region.click(Region.java:3718)
	at org.sikuli.script.Region.click(Region.java:3703)
	at sp.StepDefinitions.attempt_connection(StepDefinitions.java:74)
	at ✽.And attempt connection(features/quick_connect.feature:6)
</error>
    <system-out>[log] CLICK on L(197,310)@S(0)[0,0 1440x900] (595 msec)
[log] CLICK on L(911,747)@S(0)[0,0 1440x900] (597 msec)
[log] CLICK on L(747,314)@S(0)[0,0 1440x900] (599 msec)
[log] CLICK on L(791,304)@S(0)[0,0 1440x900] (598 msec)
[log]  TYPE &quot;vico2018&quot;
[log] CLICK on L(876,345)@S(0)[0,0 1440x900] (597 msec)
[log] CLICK on L(791,297)@S(0)[0,0 1440x900] (594 msec)
[log]  TYPE &quot;vico2018&quot;
</system-out>
  </testcase>
  <testcase classname="| ikev2 |" name="| ikev2 |" time="0.005">
    <error message="src/test/resources/images/allow.png: (83x26) seen at (835, 332) with 0.97 in S(0)[0,0 1440x900] E:Y, T:3.0" type="FindFailed">FindFailed: src/test/resources/images/allow.png: (83x26) seen at (835, 332) with 0.97 in S(0)[0,0 1440x900] E:Y, T:3.0
  Line 2761, in file Region.java

	at org.sikuli.script.Region.wait(Region.java:2761)
	at org.sikuli.script.Region.find(Region.java:2326)
	at org.sikuli.script.Region.getLocationFromTarget(Region.java:3220)
	at org.sikuli.script.Region.click(Region.java:3718)
	at org.sikuli.script.Region.click(Region.java:3703)
	at sp.StepDefinitions.attempt_connection(StepDefinitions.java:74)
	at ✽.And attempt connection(features/quick_connect.feature:6)
</error>
  </testcase>
  <testcase classname="| ikev2 |" name="Then I should successfully connect" time="0.005">
    <skipped/>
  </testcase>
</testsuite>